#
# There is insufficient memory for the Java Runtime Environment to continue.
# Native memory allocation (malloc) failed to allocate 32784 bytes for Chunk::new
# Possible reasons:
#   The system is out of physical RAM or swap space
#   In 32 bit mode, the process size limit was hit
# Possible solutions:
#   Reduce memory load on the system
#   Increase physical memory or swap space
#   Check if swap backing store is full
#   Use 64 bit Java on a 64 bit OS
#   Decrease Java heap size (-Xmx/-Xms)
#   Decrease number of Java threads
#   Decrease Java thread stack sizes (-Xss)
#   Set larger code cache with -XX:ReservedCodeCacheSize=
# This output file may be truncated or incomplete.
#
#  Out of Memory Error (allocation.cpp:390), pid=12224, tid=0x000000000000148c
#
# JRE version: Java(TM) SE Runtime Environment (8.0_111-b14) (build 1.8.0_111-b14)
# Java VM: Java HotSpot(TM) 64-Bit Server VM (25.111-b14 mixed mode windows-amd64 compressed oops)
# Failed to write core dump. Minidumps are not enabled by default on client versions of Windows
#

---------------  T H R E A D  ---------------

Current thread (0x000000001584f800):  JavaThread "C2 CompilerThread0" daemon [_thread_in_native, id=5260, stack(0x0000000016e90000,0x0000000016f90000)]

Stack: [0x0000000016e90000,0x0000000016f90000]
[error occurred during error reporting (printing stack bounds), id 0xc0000005]

Native frames: (J=compiled Java code, j=interpreted, Vv=VM code, C=native code)


Current CompileTask:
C2:   1639 1237       4       com.android.dx.ssa.SCCP::simulatePhi (169 bytes)


---------------  P R O C E S S  ---------------

Java Threads: ( => current thread )
  0x0000000017425000 JavaThread "pool-2-thread-4" [_thread_blocked, id=11252, stack(0x0000000017b90000,0x0000000017c90000)]
  0x0000000017422000 JavaThread "pool-2-thread-3" [_thread_blocked, id=15604, stack(0x0000000017a90000,0x0000000017b90000)]
  0x000000001736f000 JavaThread "pool-2-thread-2" [_thread_in_Java, id=10744, stack(0x0000000017990000,0x0000000017a90000)]
  0x000000001735a800 JavaThread "pool-3-thread-1" [_thread_blocked, id=12728, stack(0x0000000017890000,0x0000000017990000)]
  0x0000000017360000 JavaThread "pool-2-thread-1" [_thread_in_vm, id=2876, stack(0x0000000017790000,0x0000000017890000)]
  0x0000000017194800 JavaThread "Service Thread" daemon [_thread_blocked, id=5972, stack(0x0000000017590000,0x0000000017690000)]
  0x00000000158ab000 JavaThread "C1 CompilerThread2" daemon [_thread_in_vm, id=11456, stack(0x0000000017090000,0x0000000017190000)]
  0x00000000158a8800 JavaThread "C2 CompilerThread1" daemon [_thread_in_native, id=14540, stack(0x0000000016f90000,0x0000000017090000)]
=>0x000000001584f800 JavaThread "C2 CompilerThread0" daemon [_thread_in_native, id=5260, stack(0x0000000016e90000,0x0000000016f90000)]
  0x000000001584c000 JavaThread "Attach Listener" daemon [_thread_blocked, id=16400, stack(0x0000000016d90000,0x0000000016e90000)]
  0x000000001584b000 JavaThread "Signal Dispatcher" daemon [_thread_blocked, id=8956, stack(0x0000000016c90000,0x0000000016d90000)]
  0x0000000003178000 JavaThread "Finalizer" daemon [_thread_blocked, id=20612, stack(0x0000000016aa0000,0x0000000016ba0000)]
  0x0000000003172800 JavaThread "Reference Handler" daemon [_thread_blocked, id=17668, stack(0x00000000169a0000,0x0000000016aa0000)]
  0x00000000017ad800 JavaThread "main" [_thread_blocked, id=8184, stack(0x0000000002f80000,0x0000000003080000)]

Other Threads:
  0x0000000015817000 VMThread [stack: 0x00000000168a0000,0x00000000169a0000] [id=5412]
  0x00000000171a9000 WatcherThread [stack: 0x0000000017690000,0x0000000017790000] [id=12420]

VM state:not at safepoint (normal execution)

VM Mutex/Monitor currently owned by a thread: None

Heap:
 PSYoungGen      total 38400K, used 14804K [0x00000000eab00000, 0x00000000ef600000, 0x0000000100000000)
  eden space 33280K, 29% used [0x00000000eab00000,0x00000000eb47b5b0,0x00000000ecb80000)
  from space 5120K, 99% used [0x00000000ecb80000,0x00000000ed079c78,0x00000000ed080000)
  to   space 5120K, 0% used [0x00000000ef100000,0x00000000ef100000,0x00000000ef600000)
 ParOldGen       total 87552K, used 1841K [0x00000000c0000000, 0x00000000c5580000, 0x00000000eab00000)
  object space 87552K, 2% used [0x00000000c0000000,0x00000000c01cc428,0x00000000c5580000)
 Metaspace       used 6169K, capacity 7000K, committed 7168K, reserved 1056768K
  class space    used 625K, capacity 656K, committed 768K, reserved 1048576K

Card table byte_map: [0x0000000012540000,0x0000000012750000] byte_map_base: 0x0000000011f40000

Marking Bits: (ParMarkBitMap*) 0x0000000050cba6c0
 Begin Bits: [0x0000000012cb0000, 0x0000000013cb0000)
 End Bits:   [0x0000000013cb0000, 0x0000000014cb0000)

Polling page: 0x00000000013d0000

CodeCache: size=245760Kb used=5010Kb max_used=5010Kb free=240749Kb
 bounds [0x0000000003180000, 0x0000000003670000, 0x0000000012180000]
 total_blobs=1524 nmethods=1255 adapters=182
 compilation: enabled

Compilation events (10 events):
Event: 1.588 Thread 0x00000000158ab000 1231       3       com.android.dx.dex.code.RopTranslator$1::visitPlainCstInsn (64 bytes)
Event: 1.589 Thread 0x00000000158ab000 nmethod 1231 0x000000000365afd0 code [0x000000000365b160, 0x000000000365b930]
Event: 1.589 Thread 0x00000000158ab000 1250       3       com.android.dx.ssa.ConstCollector::updateConstUses (248 bytes)
Event: 1.591 Thread 0x00000000158ab000 nmethod 1250 0x000000000365bb10 code [0x000000000365be80, 0x000000000365df58]
Event: 1.591 Thread 0x00000000158ab000 1249       3       java.util.HashMap::tableSizeFor (59 bytes)
Event: 1.591 Thread 0x00000000158ab000 nmethod 1249 0x0000000003645d90 code [0x0000000003645f00, 0x0000000003646110]
Event: 1.591 Thread 0x00000000158ab000 1225       3       com.android.dx.ssa.BasicRegisterMapper::<init> (17 bytes)
Event: 1.591 Thread 0x00000000158ab000 nmethod 1225 0x00000000036431d0 code [0x0000000003643340, 0x0000000003643608]
Event: 1.591 Thread 0x00000000158ab000 1241       1       java.util.TreeMap$Entry::getValue (5 bytes)
Event: 1.592 Thread 0x00000000158ab000 nmethod 1241 0x00000000036369d0 code [0x0000000003636b20, 0x0000000003636c30]

GC Heap History (2 events):
Event: 1.523 GC heap before
{Heap before GC invocations=1 (full 0):
 PSYoungGen      total 38400K, used 33280K [0x00000000eab00000, 0x00000000ed580000, 0x0000000100000000)
  eden space 33280K, 100% used [0x00000000eab00000,0x00000000ecb80000,0x00000000ecb80000)
  from space 5120K, 0% used [0x00000000ed080000,0x00000000ed080000,0x00000000ed580000)
  to   space 5120K, 0% used [0x00000000ecb80000,0x00000000ecb80000,0x00000000ed080000)
 ParOldGen       total 87552K, used 0K [0x00000000c0000000, 0x00000000c5580000, 0x00000000eab00000)
  object space 87552K, 0% used [0x00000000c0000000,0x00000000c0000000,0x00000000c5580000)
 Metaspace       used 6125K, capacity 7000K, committed 7168K, reserved 1056768K
  class space    used 624K, capacity 656K, committed 768K, reserved 1048576K
Event: 1.561 GC heap after
Heap after GC invocations=1 (full 0):
 PSYoungGen      total 38400K, used 5095K [0x00000000eab00000, 0x00000000ef600000, 0x0000000100000000)
  eden space 33280K, 0% used [0x00000000eab00000,0x00000000eab00000,0x00000000ecb80000)
  from space 5120K, 99% used [0x00000000ecb80000,0x00000000ed079c78,0x00000000ed080000)
  to   space 5120K, 0% used [0x00000000ef100000,0x00000000ef100000,0x00000000ef600000)
 ParOldGen       total 87552K, used 1841K [0x00000000c0000000, 0x00000000c5580000, 0x00000000eab00000)
  object space 87552K, 2% used [0x00000000c0000000,0x00000000c01cc428,0x00000000c5580000)
 Metaspace       used 6125K, capacity 7000K, committed 7168K, reserved 1056768K
  class space    used 624K, capacity 656K, committed 768K, reserved 1048576K
}

Deoptimization events (10 events):
Event: 1.070 Thread 0x000000001736f000 Uncommon trap: reason=class_check action=maybe_recompile pc=0x000000000342c93c method=com.android.dx.ssa.NormalSsaInsn.accept(Lcom/android/dx/ssa/SsaInsn$Visitor;)V @ 9
Event: 1.070 Thread 0x000000001736f000 Uncommon trap: reason=class_check action=maybe_recompile pc=0x00000000033c4730 method=com.android.dx.ssa.NormalSsaInsn.accept(Lcom/android/dx/ssa/SsaInsn$Visitor;)V @ 9
Event: 1.070 Thread 0x000000001736f000 Uncommon trap: reason=class_check action=maybe_recompile pc=0x00000000033c4730 method=com.android.dx.ssa.NormalSsaInsn.accept(Lcom/android/dx/ssa/SsaInsn$Visitor;)V @ 9
Event: 1.109 Thread 0x0000000017422000 Uncommon trap: reason=null_check action=make_not_entrant pc=0x000000000342d16c method=com.android.dx.ssa.SsaRenamer.getLocalForNewReg(I)Lcom/android/dx/rop/code/LocalItem; @ 19
Event: 1.315 Thread 0x0000000017422000 Uncommon trap: reason=unstable_if action=reinterpret pc=0x00000000034dae9c method=com.android.dx.rop.cst.Constant.compareTo(Lcom/android/dx/rop/cst/Constant;)I @ 12
Event: 1.522 Thread 0x0000000017422000 Uncommon trap: reason=bimorphic action=maybe_recompile pc=0x00000000033c25a4 method=java.util.HashMap.getNode(ILjava/lang/Object;)Ljava/util/HashMap$Node; @ 126
Event: 1.522 Thread 0x0000000017422000 Uncommon trap: reason=class_check action=maybe_recompile pc=0x00000000035d5d40 method=java.util.HashMap.putVal(ILjava/lang/Object;Ljava/lang/Object;ZZ)Ljava/lang/Object; @ 203
Event: 1.566 Thread 0x000000001736f000 Uncommon trap: reason=unstable_if action=reinterpret pc=0x0000000003618130 method=com.android.dx.util.IntList.sort()V @ 8
Event: 1.613 Thread 0x0000000017422000 Uncommon trap: reason=class_check action=maybe_recompile pc=0x000000000363c6f4 method=com.android.dx.ssa.SCCP.setLatticeValueTo(IILcom/android/dx/rop/cst/Constant;)Z @ 43
Event: 1.626 Thread 0x0000000017422000 Uncommon trap: reason=unstable_if action=reinterpret pc=0x000000000363c21c method=com.android.dx.ssa.SCCP.simulateStmt(Lcom/android/dx/ssa/SsaInsn;)V @ 53

Internal exceptions (3 events):
Event: 0.058 Thread 0x00000000017ad800 Exception <a 'java/lang/NoSuchMethodError': Method sun.misc.Unsafe.defineClass(Ljava/lang/String;[BII)Ljava/lang/Class; name or signature does not match> (0x00000000eab07c78) thrown at [C:\re\workspace\8-2-build-windows-amd64-cygwin\jdk8u111\7883\hotspot\
Event: 0.058 Thread 0x00000000017ad800 Exception <a 'java/lang/NoSuchMethodError': Method sun.misc.Unsafe.prefetchRead(Ljava/lang/Object;J)V name or signature does not match> (0x00000000eab07f60) thrown at [C:\re\workspace\8-2-build-windows-amd64-cygwin\jdk8u111\7883\hotspot\src\share\vm\prims
Event: 1.109 Thread 0x0000000017422000 Implicit null exception at 0x000000000342bb61 to 0x000000000342d121

Events (10 events):
Event: 1.612 loading class java/util/HashMap$KeySet
Event: 1.612 loading class java/util/HashMap$KeySet done
Event: 1.612 loading class java/util/HashMap$KeyIterator
Event: 1.612 loading class java/util/HashMap$KeyIterator done
Event: 1.613 Thread 0x0000000017422000 Uncommon trap: trap_request=0xffffffde fr.pc=0x000000000363c6f4
Event: 1.614 Thread 0x0000000017422000 DEOPT PACKING pc=0x000000000363c6f4 sp=0x0000000017b8ee00
Event: 1.614 Thread 0x0000000017422000 DEOPT UNPACKING pc=0x00000000031c582a sp=0x0000000017b8ed58 mode 2
Event: 1.626 Thread 0x0000000017422000 Uncommon trap: trap_request=0xffffff65 fr.pc=0x000000000363c21c
Event: 1.627 Thread 0x0000000017422000 DEOPT PACKING pc=0x000000000363c21c sp=0x0000000017b8ede0
Event: 1.627 Thread 0x0000000017422000 DEOPT UNPACKING pc=0x00000000031c582a sp=0x0000000017b8eda8 mode 2


Dynamic libraries:
0x00007ff6eee10000 - 0x00007ff6eee47000 	C:\Program Files\Java\jdk1.8.0_111\bin\java.exe
0x00007ffff4f80000 - 0x00007ffff5151000 	C:\WINDOWS\SYSTEM32\ntdll.dll
0x00007ffff2610000 - 0x00007ffff26bb000 	C:\WINDOWS\System32\KERNEL32.DLL
0x00007ffff22f0000 - 0x00007ffff250d000 	C:\WINDOWS\System32\KERNELBASE.dll
0x00007ffff29f0000 - 0x00007ffff2a92000 	C:\WINDOWS\System32\ADVAPI32.dll
0x00007ffff2510000 - 0x00007ffff25ae000 	C:\WINDOWS\System32\msvcrt.dll
0x00007ffff2890000 - 0x00007ffff28e9000 	C:\WINDOWS\System32\sechost.dll
0x00007ffff4cb0000 - 0x00007ffff4dd1000 	C:\WINDOWS\System32\RPCRT4.dll
0x00007ffff4570000 - 0x00007ffff46d5000 	C:\WINDOWS\System32\USER32.dll
0x00007ffff1970000 - 0x00007ffff198e000 	C:\WINDOWS\System32\win32u.dll
0x00007ffff4260000 - 0x00007ffff4294000 	C:\WINDOWS\System32\GDI32.dll
0x00007ffff1640000 - 0x00007ffff17c2000 	C:\WINDOWS\System32\gdi32full.dll
0x00007fffe7fa0000 - 0x00007fffe8219000 	C:\WINDOWS\WinSxS\amd64_microsoft.windows.common-controls_6595b64144ccf1df_6.0.14393.447_none_42191651c6827bb3\COMCTL32.dll
0x00007ffff42a0000 - 0x00007ffff4568000 	C:\WINDOWS\System32\combase.dll
0x00007ffff1aa0000 - 0x00007ffff1b95000 	C:\WINDOWS\System32\ucrtbase.dll
0x00007ffff2280000 - 0x00007ffff22ea000 	C:\WINDOWS\System32\bcryptPrimitives.dll
0x00007ffff4230000 - 0x00007ffff425e000 	C:\WINDOWS\System32\IMM32.DLL
0x0000000077f20000 - 0x0000000077ff2000 	C:\Program Files\Java\jdk1.8.0_111\jre\bin\msvcr100.dll
0x00000000504a0000 - 0x0000000050d3a000 	C:\Program Files\Java\jdk1.8.0_111\jre\bin\server\jvm.dll
0x00007ffff2880000 - 0x00007ffff2888000 	C:\WINDOWS\System32\PSAPI.DLL
0x00007fffe9170000 - 0x00007fffe9179000 	C:\WINDOWS\SYSTEM32\WSOCK32.dll
0x00007ffff2980000 - 0x00007ffff29ea000 	C:\WINDOWS\System32\WS2_32.dll
0x00007fffef4f0000 - 0x00007fffef513000 	C:\WINDOWS\SYSTEM32\WINMM.dll
0x00007ffff01a0000 - 0x00007ffff01aa000 	C:\WINDOWS\SYSTEM32\VERSION.dll
0x00007fffef4c0000 - 0x00007fffef4eb000 	C:\WINDOWS\SYSTEM32\WINMMBASE.dll
0x00007ffff17d0000 - 0x00007ffff1812000 	C:\WINDOWS\System32\cfgmgr32.dll
0x00000000503b0000 - 0x00000000503bf000 	C:\Program Files\Java\jdk1.8.0_111\jre\bin\verify.dll
0x0000000050380000 - 0x00000000503a9000 	C:\Program Files\Java\jdk1.8.0_111\jre\bin\java.dll
0x0000000050360000 - 0x0000000050376000 	C:\Program Files\Java\jdk1.8.0_111\jre\bin\zip.dll
0x00007ffff2d20000 - 0x00007ffff4229000 	C:\WINDOWS\System32\SHELL32.dll
0x00007ffff1ba0000 - 0x00007ffff227a000 	C:\WINDOWS\System32\windows.storage.dll
0x00007ffff1400000 - 0x00007ffff144c000 	C:\WINDOWS\System32\powrprof.dll
0x00007ffff25b0000 - 0x00007ffff2602000 	C:\WINDOWS\System32\shlwapi.dll
0x00007ffff13e0000 - 0x00007ffff13ef000 	C:\WINDOWS\System32\kernel.appcore.dll
0x00007ffff1820000 - 0x00007ffff18c9000 	C:\WINDOWS\System32\shcore.dll
0x00007ffff1450000 - 0x00007ffff1464000 	C:\WINDOWS\System32\profapi.dll

VM Arguments:
jvm_args: -Djava.awt.headless=true -Xmx1024M -Dfile.encoding=windows-1252 -Duser.country=US -Duser.language=en -Duser.variant 
java_command: com.android.dx.command.Main --dex --force-jumbo --num-threads=4 --multi-dex --output D:\programming\applications\mobile\native\myapps\Hymns\app\build\intermediates\transforms\dex\debug\folders\1000\10\com.android.support-support-core-utils-24.2.0_f9ca6fd7cc71925ba124b5c0b61041b54fdf4c1e D:\programming\applications\mobile\native\myapps\Hymns\app\build\intermediates\exploded-aar\com.android.support\support-core-utils\24.2.0\jars\classes.jar
java_class_path (initial): C:\Users\WAKY\AppData\Local\Android\sdk\build-tools\24.0.1\lib\dx.jar
Launcher Type: SUN_STANDARD

Environment Variables:
JAVA_HOME=C:\Program Files\Java\jdk1.8.0_111
PATH=C:\ProgramData\Oracle\Java\javapath;C:\WINDOWS\system32;C:\WINDOWS;C:\WINDOWS\System32\Wbem;C:\WINDOWS\System32\WindowsPowerShell\v1.0\;C:\Program Files\nodejs\;C:\Program Files (x86)\GtkSharp\2.12\bin;C:\xampp\php;C:\ProgramData\ComposerSetup\bin;C:\Users\WAKY\AppData\Roaming\npm;C:\Program Files\nodejs;C:\Users\WAKY\AppData\Local\Microsoft\WindowsApps;C:\Users\WAKY\AppData\Roaming\Composer\vendor\bin
USERNAME=WAKY
OS=Windows_NT
PROCESSOR_IDENTIFIER=Intel64 Family 6 Model 42 Stepping 7, GenuineIntel



---------------  S Y S T E M  ---------------

OS: Windows 10.0 , 64 bit Build 14393 (10.0.14393.0)

CPU:total 4 (2 cores per cpu, 2 threads per core) family 6 model 42 stepping 7, cmov, cx8, fxsr, mmx, sse, sse2, sse3, ssse3, sse4.1, sse4.2, popcnt, avx, aes, clmul, ht, tsc, tscinvbit

Memory: 4k page, physical 8266644k(1270940k free), swap 14602512k(5132k free)

vm_info: Java HotSpot(TM) 64-Bit Server VM (25.111-b14) for windows-amd64 JRE (1.8.0_111-b14), built on Sep 22 2016 19:24:05 by "java_re" with MS VC++ 10.0 (VS2010)

time: Sun Feb 19 05:47:13 2017
elapsed time: 1 seconds (0d 0h 0m 1s)

