#
# There is insufficient memory for the Java Runtime Environment to continue.
# Native memory allocation (malloc) failed to allocate 629856 bytes for Chunk::new
# Possible reasons:
#   The system is out of physical RAM or swap space
#   In 32 bit mode, the process size limit was hit
# Possible solutions:
#   Reduce memory load on the system
#   Increase physical memory or swap space
#   Check if swap backing store is full
#   Use 64 bit Java on a 64 bit OS
#   Decrease Java heap size (-Xmx/-Xms)
#   Decrease number of Java threads
#   Decrease Java thread stack sizes (-Xss)
#   Set larger code cache with -XX:ReservedCodeCacheSize=
# This output file may be truncated or incomplete.
#
#  Out of Memory Error (allocation.cpp:390), pid=3008, tid=0x0000000000001f58
#
# JRE version: Java(TM) SE Runtime Environment (8.0_92-b14) (build 1.8.0_92-b14)
# Java VM: Java HotSpot(TM) 64-Bit Server VM (25.92-b14 mixed mode windows-amd64 compressed oops)
# Failed to write core dump. Minidumps are not enabled by default on client versions of Windows
#

---------------  T H R E A D  ---------------

Current thread (0x0000000014eac800):  JavaThread "C2 CompilerThread0" daemon [_thread_in_native, id=8024, stack(0x0000000016500000,0x0000000016600000)]

Stack: [0x0000000016500000,0x0000000016600000]
[error occurred during error reporting (printing stack bounds), id 0xc0000005]

Native frames: (J=compiled Java code, j=interpreted, Vv=VM code, C=native code)


Current CompileTask:
C2:   2172 1567   !   4       com.android.dx.cf.code.BytecodeArray::parseInstruction (2764 bytes)


---------------  P R O C E S S  ---------------

Java Threads: ( => current thread )
  0x0000000016afa000 JavaThread "pool-2-thread-4" [_thread_blocked, id=7944, stack(0x0000000017200000,0x0000000017300000)]
  0x0000000016aa6000 JavaThread "pool-2-thread-3" [_thread_blocked, id=7816, stack(0x0000000017100000,0x0000000017200000)]
  0x0000000016abf000 JavaThread "pool-2-thread-2" [_thread_in_Java, id=856, stack(0x0000000017000000,0x0000000017100000)]
  0x0000000016ad3800 JavaThread "pool-3-thread-1" [_thread_blocked, id=11028, stack(0x0000000016f00000,0x0000000017000000)]
  0x0000000016a53800 JavaThread "pool-2-thread-1" [_thread_blocked, id=11040, stack(0x0000000016e00000,0x0000000016f00000)]
  0x000000001682c800 JavaThread "Service Thread" daemon [_thread_blocked, id=4604, stack(0x0000000016c00000,0x0000000016d00000)]
  0x0000000014f0d800 JavaThread "C1 CompilerThread2" daemon [_thread_blocked, id=9364, stack(0x0000000016700000,0x0000000016800000)]
  0x0000000014eb1800 JavaThread "C2 CompilerThread1" daemon [_thread_in_native, id=6548, stack(0x0000000016600000,0x0000000016700000)]
=>0x0000000014eac800 JavaThread "C2 CompilerThread0" daemon [_thread_in_native, id=8024, stack(0x0000000016500000,0x0000000016600000)]
  0x0000000014eaa800 JavaThread "Attach Listener" daemon [_thread_blocked, id=4216, stack(0x0000000016400000,0x0000000016500000)]
  0x0000000014ea9000 JavaThread "Signal Dispatcher" daemon [_thread_blocked, id=3784, stack(0x0000000016300000,0x0000000016400000)]
  0x00000000027d4800 JavaThread "Finalizer" daemon [_thread_blocked, id=9296, stack(0x0000000016120000,0x0000000016220000)]
  0x00000000027cf000 JavaThread "Reference Handler" daemon [_thread_blocked, id=10028, stack(0x0000000016020000,0x0000000016120000)]
  0x00000000026e0800 JavaThread "main" [_thread_in_vm, id=10228, stack(0x00000000025a0000,0x00000000026a0000)]

Other Threads:
  0x0000000014e78000 VMThread [stack: 0x0000000015f20000,0x0000000016020000] [id=10220]
  0x0000000016832000 WatcherThread [stack: 0x0000000016d00000,0x0000000016e00000] [id=4372]

VM state:not at safepoint (normal execution)

VM Mutex/Monitor currently owned by a thread: None

Heap:
 PSYoungGen      total 38400K, used 20727K [0x00000000eab00000, 0x00000000ed580000, 0x0000000100000000)
  eden space 33280K, 46% used [0x00000000eab00000,0x00000000eba3f228,0x00000000ecb80000)
  from space 5120K, 99% used [0x00000000ed080000,0x00000000ed57ed88,0x00000000ed580000)
  to   space 5120K, 0% used [0x00000000ecb80000,0x00000000ecb80000,0x00000000ed080000)
 ParOldGen       total 87552K, used 5731K [0x00000000c0000000, 0x00000000c5580000, 0x00000000eab00000)
  object space 87552K, 6% used [0x00000000c0000000,0x00000000c0598e28,0x00000000c5580000)
 Metaspace       used 6232K, capacity 7092K, committed 7296K, reserved 1056768K
  class space    used 607K, capacity 620K, committed 640K, reserved 1048576K

Card table byte_map: [0x0000000011ba0000,0x0000000011db0000] byte_map_base: 0x00000000115a0000

Marking Bits: (ParMarkBitMap*) 0x00000000579164f0
 Begin Bits: [0x0000000012310000, 0x0000000013310000)
 End Bits:   [0x0000000013310000, 0x0000000014310000)

Polling page: 0x0000000000dc0000

CodeCache: size=245760Kb used=6573Kb max_used=6573Kb free=239186Kb
 bounds [0x00000000027e0000, 0x0000000002e60000, 0x00000000117e0000]
 total_blobs=1858 nmethods=1585 adapters=185
 compilation: enabled

Compilation events (10 events):
Event: 2.159 Thread 0x0000000014f0d800 1599       2       com.android.dx.rop.code.InsnList::contentEquals (54 bytes)
Event: 2.159 Thread 0x0000000014f0d800 nmethod 1599 0x0000000002e4ef90 code [0x0000000002e4f120, 0x0000000002e4f448]
Event: 2.164 Thread 0x0000000014f0d800 1600       1       com.android.dx.rop.cst.CstKnownNull::getType (4 bytes)
Event: 2.164 Thread 0x0000000014f0d800 nmethod 1600 0x0000000002e4f690 code [0x0000000002e4f7e0, 0x0000000002e4f8f0]
Event: 2.165 Thread 0x0000000014f0d800 1601       2       java.util.concurrent.locks.ReentrantLock::unlock (10 bytes)
Event: 2.165 Thread 0x0000000014f0d800 nmethod 1601 0x0000000002e4f950 code [0x0000000002e4fac0, 0x0000000002e4fcb8]
Event: 2.170 Thread 0x0000000014f0d800 1602       1       java.util.HashMap::afterNodeAccess (1 bytes)
Event: 2.170 Thread 0x0000000014f0d800 nmethod 1602 0x0000000002e4fdd0 code [0x0000000002e4ff20, 0x0000000002e50030]
Event: 2.170 Thread 0x0000000014f0d800 1603       2       java.util.Collections$UnmodifiableList::get (11 bytes)
Event: 2.170 Thread 0x0000000014f0d800 nmethod 1603 0x0000000002e50090 code [0x0000000002e50200, 0x0000000002e50388]

GC Heap History (4 events):
Event: 1.638 GC heap before
{Heap before GC invocations=1 (full 0):
 PSYoungGen      total 38400K, used 33280K [0x00000000eab00000, 0x00000000ed580000, 0x0000000100000000)
  eden space 33280K, 100% used [0x00000000eab00000,0x00000000ecb80000,0x00000000ecb80000)
  from space 5120K, 0% used [0x00000000ed080000,0x00000000ed080000,0x00000000ed580000)
  to   space 5120K, 0% used [0x00000000ecb80000,0x00000000ecb80000,0x00000000ed080000)
 ParOldGen       total 87552K, used 0K [0x00000000c0000000, 0x00000000c5580000, 0x00000000eab00000)
  object space 87552K, 0% used [0x00000000c0000000,0x00000000c0000000,0x00000000c5580000)
 Metaspace       used 6013K, capacity 6898K, committed 7040K, reserved 1056768K
  class space    used 604K, capacity 618K, committed 640K, reserved 1048576K
Event: 1.651 GC heap after
Heap after GC invocations=1 (full 0):
 PSYoungGen      total 38400K, used 5094K [0x00000000eab00000, 0x00000000ed580000, 0x0000000100000000)
  eden space 33280K, 0% used [0x00000000eab00000,0x00000000eab00000,0x00000000ecb80000)
  from space 5120K, 99% used [0x00000000ecb80000,0x00000000ed079810,0x00000000ed080000)
  to   space 5120K, 0% used [0x00000000ed080000,0x00000000ed080000,0x00000000ed580000)
 ParOldGen       total 87552K, used 1235K [0x00000000c0000000, 0x00000000c5580000, 0x00000000eab00000)
  object space 87552K, 1% used [0x00000000c0000000,0x00000000c0134f58,0x00000000c5580000)
 Metaspace       used 6013K, capacity 6898K, committed 7040K, reserved 1056768K
  class space    used 604K, capacity 618K, committed 640K, reserved 1048576K
}
Event: 2.036 GC heap before
{Heap before GC invocations=2 (full 0):
 PSYoungGen      total 38400K, used 38374K [0x00000000eab00000, 0x00000000ed580000, 0x0000000100000000)
  eden space 33280K, 100% used [0x00000000eab00000,0x00000000ecb80000,0x00000000ecb80000)
  from space 5120K, 99% used [0x00000000ecb80000,0x00000000ed079810,0x00000000ed080000)
  to   space 5120K, 0% used [0x00000000ed080000,0x00000000ed080000,0x00000000ed580000)
 ParOldGen       total 87552K, used 1235K [0x00000000c0000000, 0x00000000c5580000, 0x00000000eab00000)
  object space 87552K, 1% used [0x00000000c0000000,0x00000000c0134f58,0x00000000c5580000)
 Metaspace       used 6194K, capacity 7092K, committed 7296K, reserved 1056768K
  class space    used 607K, capacity 620K, committed 640K, reserved 1048576K
Event: 2.059 GC heap after
Heap after GC invocations=2 (full 0):
 PSYoungGen      total 38400K, used 5115K [0x00000000eab00000, 0x00000000ed580000, 0x0000000100000000)
  eden space 33280K, 0% used [0x00000000eab00000,0x00000000eab00000,0x00000000ecb80000)
  from space 5120K, 99% used [0x00000000ed080000,0x00000000ed57ed88,0x00000000ed580000)
  to   space 5120K, 0% used [0x00000000ecb80000,0x00000000ecb80000,0x00000000ed080000)
 ParOldGen       total 87552K, used 5731K [0x00000000c0000000, 0x00000000c5580000, 0x00000000eab00000)
  object space 87552K, 6% used [0x00000000c0000000,0x00000000c0598e28,0x00000000c5580000)
 Metaspace       used 6194K, capacity 7092K, committed 7296K, reserved 1056768K
  class space    used 607K, capacity 620K, committed 640K, reserved 1048576K
}

Deoptimization events (10 events):
Event: 1.898 Thread 0x0000000016abf000 Uncommon trap: reason=unstable_if action=reinterpret pc=0x0000000002d3bfe4 method=com.android.dx.rop.code.RegisterSpec.equals(ILcom/android/dx/rop/type/TypeBearer;Lcom/android/dx/rop/code/LocalItem;)Z @ 42
Event: 1.963 Thread 0x0000000016a53800 Uncommon trap: reason=unstable_if action=reinterpret pc=0x0000000002b43738 method=com.android.dx.cf.code.Ropper.labelToResultIndex(I)I @ 34
Event: 1.964 Thread 0x0000000016a53800 Uncommon trap: reason=unstable_if action=reinterpret pc=0x0000000002db2ccc method=com.android.dx.util.LabeledList.set(ILcom/android/dx/util/LabeledItem;)V @ 16
Event: 1.965 Thread 0x0000000016a53800 Uncommon trap: reason=unstable_if action=reinterpret pc=0x0000000002bf0ddc method=com.android.dx.util.LabeledList.set(ILcom/android/dx/util/LabeledItem;)V @ 16
Event: 2.063 Thread 0x0000000016a53800 Uncommon trap: reason=class_check action=maybe_recompile pc=0x0000000002d60e08 method=java.util.HashMap.putVal(ILjava/lang/Object;Ljava/lang/Object;ZZ)Ljava/lang/Object; @ 203
Event: 2.063 Thread 0x0000000016a53800 Uncommon trap: reason=bimorphic action=maybe_recompile pc=0x0000000002d16e34 method=java.util.HashMap.getNode(ILjava/lang/Object;)Ljava/util/HashMap$Node; @ 126
Event: 2.063 Thread 0x0000000016a53800 Uncommon trap: reason=bimorphic action=maybe_recompile pc=0x0000000002d16e34 method=java.util.HashMap.getNode(ILjava/lang/Object;)Ljava/util/HashMap$Node; @ 126
Event: 2.064 Thread 0x00000000026e0800 Uncommon trap: reason=bimorphic action=maybe_recompile pc=0x0000000002d16e34 method=java.util.HashMap.getNode(ILjava/lang/Object;)Ljava/util/HashMap$Node; @ 126
Event: 2.064 Thread 0x00000000026e0800 Uncommon trap: reason=class_check action=maybe_recompile pc=0x0000000002cf9ec4 method=java.util.HashMap.putVal(ILjava/lang/Object;Ljava/lang/Object;ZZ)Ljava/lang/Object; @ 203
Event: 2.064 Thread 0x00000000026e0800 Uncommon trap: reason=class_check action=maybe_recompile pc=0x0000000002cf9ec4 method=java.util.HashMap.putVal(ILjava/lang/Object;Ljava/lang/Object;ZZ)Ljava/lang/Object; @ 203

Internal exceptions (4 events):
Event: 0.151 Thread 0x00000000026e0800 Exception <a 'java/lang/NoSuchMethodError': Method sun.misc.Unsafe.defineClass(Ljava/lang/String;[BII)Ljava/lang/Class; name or signature does not match> (0x00000000eab07cc0) thrown at [D:\re\workspace\8-2-build-windows-amd64-cygwin\jdk8u92\6642\hotspot\sr€³KÏëZÃ?
Event: 0.151 Thread 0x00000000026e0800 Exception <a 'java/lang/NoSuchMethodError': Method sun.misc.Unsafe.prefetchRead(Ljava/lang/Object;J)V name or signature does not match> (0x00000000eab07fa8) thrown at [D:\re\workspace\8-2-build-windows-amd64-cygwin\jdk8u92\6642\hotspot\src\share\vm\prims\j‡ó6yöñù?
Event: 1.622 Thread 0x0000000016abf000 Implicit null exception at 0x0000000002b15862 to 0x0000000002b15952
Event: 1.682 Thread 0x00000000026e0800 Implicit null exception at 0x0000000002ad1672 to 0x0000000002ad2ec1

Events (10 events):
Event: 2.063 Thread 0x0000000016a53800 DEOPT UNPACKING pc=0x000000000282582a sp=0x0000000016efe9e0 mode 2
Event: 2.064 Thread 0x00000000026e0800 Uncommon trap: trap_request=0xffffffc6 fr.pc=0x0000000002d16e34
Event: 2.064 Thread 0x00000000026e0800 DEOPT PACKING pc=0x0000000002d16e34 sp=0x000000000269dfb0
Event: 2.064 Thread 0x00000000026e0800 DEOPT UNPACKING pc=0x000000000282582a sp=0x000000000269df30 mode 2
Event: 2.064 Thread 0x00000000026e0800 Uncommon trap: trap_request=0xffffffde fr.pc=0x0000000002cf9ec4
Event: 2.064 Thread 0x00000000026e0800 DEOPT PACKING pc=0x0000000002cf9ec4 sp=0x000000000269df80
Event: 2.064 Thread 0x00000000026e0800 DEOPT UNPACKING pc=0x000000000282582a sp=0x000000000269df08 mode 2
Event: 2.064 Thread 0x00000000026e0800 Uncommon trap: trap_request=0xffffffde fr.pc=0x0000000002cf9ec4
Event: 2.065 Thread 0x00000000026e0800 DEOPT PACKING pc=0x0000000002cf9ec4 sp=0x000000000269df80
Event: 2.065 Thread 0x00000000026e0800 DEOPT UNPACKING pc=0x000000000282582a sp=0x000000000269df08 mode 2


Dynamic libraries:
0x00007ff6781f0000 - 0x00007ff678227000 	C:\Program Files\Java\jdk1.8.0_92\bin\java.exe
0x00007ffa1ede0000 - 0x00007ffa1efa1000 	C:\WINDOWS\SYSTEM32\ntdll.dll
0x00007ffa1c4d0000 - 0x00007ffa1c57d000 	C:\WINDOWS\system32\KERNEL32.DLL
0x00007ffa1bf60000 - 0x00007ffa1c148000 	C:\WINDOWS\system32\KERNELBASE.dll
0x00007ffa1e4a0000 - 0x00007ffa1e547000 	C:\WINDOWS\system32\ADVAPI32.dll
0x00007ffa1ed40000 - 0x00007ffa1eddd000 	C:\WINDOWS\system32\msvcrt.dll
0x00007ffa1dec0000 - 0x00007ffa1df1b000 	C:\WINDOWS\system32\sechost.dll
0x00007ffa1e9c0000 - 0x00007ffa1eadc000 	C:\WINDOWS\system32\RPCRT4.dll
0x00007ffa1e7e0000 - 0x00007ffa1e936000 	C:\WINDOWS\system32\USER32.dll
0x00007ffa1eaf0000 - 0x00007ffa1ec76000 	C:\WINDOWS\system32\GDI32.dll
0x00007ffa0f0f0000 - 0x00007ffa0f364000 	C:\WINDOWS\WinSxS\amd64_microsoft.windows.common-controls_6595b64144ccf1df_6.0.10586.589_none_a2ddb3caa539acce\COMCTL32.dll
0x00007ffa1c1e0000 - 0x00007ffa1c45d000 	C:\WINDOWS\system32\combase.dll
0x00007ffa1b6b0000 - 0x00007ffa1b71a000 	C:\WINDOWS\system32\bcryptPrimitives.dll
0x00007ffa1dd70000 - 0x00007ffa1ddab000 	C:\WINDOWS\system32\IMM32.DLL
0x0000000057020000 - 0x00000000570f2000 	C:\Program Files\Java\jdk1.8.0_92\jre\bin\msvcr100.dll
0x0000000057100000 - 0x0000000057996000 	C:\Program Files\Java\jdk1.8.0_92\jre\bin\server\jvm.dll
0x00007ffa1e550000 - 0x00007ffa1e558000 	C:\WINDOWS\system32\PSAPI.DLL
0x00007ffa17c40000 - 0x00007ffa17c49000 	C:\WINDOWS\SYSTEM32\WSOCK32.dll
0x00007ffa1c460000 - 0x00007ffa1c4cb000 	C:\WINDOWS\system32\WS2_32.dll
0x00007ffa194c0000 - 0x00007ffa194e3000 	C:\WINDOWS\SYSTEM32\WINMM.dll
0x00007ffa12a20000 - 0x00007ffa12a2a000 	C:\WINDOWS\SYSTEM32\VERSION.dll
0x00007ffa19460000 - 0x00007ffa1948c000 	C:\WINDOWS\SYSTEM32\WINMMBASE.dll
0x00007ffa1b660000 - 0x00007ffa1b6a3000 	C:\WINDOWS\system32\cfgmgr32.dll
0x0000000057010000 - 0x000000005701f000 	C:\Program Files\Java\jdk1.8.0_92\jre\bin\verify.dll
0x0000000056fe0000 - 0x0000000057009000 	C:\Program Files\Java\jdk1.8.0_92\jre\bin\java.dll
0x0000000056fc0000 - 0x0000000056fd6000 	C:\Program Files\Java\jdk1.8.0_92\jre\bin\zip.dll
0x00007ffa1c5e0000 - 0x00007ffa1db3c000 	C:\WINDOWS\system32\SHELL32.dll
0x00007ffa1b740000 - 0x00007ffa1bd85000 	C:\WINDOWS\system32\windows.storage.dll
0x00007ffa1e960000 - 0x00007ffa1e9b2000 	C:\WINDOWS\system32\shlwapi.dll
0x00007ffa1b460000 - 0x00007ffa1b46f000 	C:\WINDOWS\system32\kernel.appcore.dll
0x00007ffa1bdf0000 - 0x00007ffa1bea5000 	C:\WINDOWS\system32\shcore.dll
0x00007ffa1b400000 - 0x00007ffa1b44b000 	C:\WINDOWS\system32\powrprof.dll
0x00007ffa1b470000 - 0x00007ffa1b484000 	C:\WINDOWS\system32\profapi.dll

VM Arguments:
jvm_args: -Djava.awt.headless=true -Xmx1024M -Dfile.encoding=windows-1252 -Duser.country=US -Duser.language=en -Duser.variant 
java_command: com.android.dx.command.Main --dex --force-jumbo --num-threads=4 --multi-dex --output D:\programming\applications\mobile\native\myapps\Hymns\app\build\intermediates\transforms\dex\debug\folders\1000\10\com.android.support-design-24.2.0_1d617c2ceffa8a4816500fd7c38c09ff0d2d108c D:\programming\applications\mobile\native\myapps\Hymns\app\build\intermediates\exploded-aar\com.android.support\design\24.2.0\jars\classes.jar
java_class_path (initial): C:\Users\WAKY\AppData\Local\Android\sdk\build-tools\24.0.1\lib\dx.jar
Launcher Type: SUN_STANDARD

Environment Variables:
JAVA_HOME=C:\Program Files\Java\jdk1.8.0_92
PATH=C:\ProgramData\Oracle\Java\javapath;C:\WINDOWS\system32;C:\WINDOWS;C:\WINDOWS\System32\Wbem;C:\WINDOWS\System32\WindowsPowerShell\v1.0\;C:\Program Files\nodejs\;C:\xampp\php;C:\ProgramData\ComposerSetup\bin;C:\Users\WAKY\AppData\Local\Programs\Python\Python36\Scripts\;C:\Users\WAKY\AppData\Local\Programs\Python\Python36\;C:\Users\WAKY\AppData\Roaming\npm;C:\Program Files\Java\jdk1.8.0_92\bin;C:\Users\WAKY\AppData\Roaming\Composer\vendor\bin
USERNAME=WAKY
OS=Windows_NT
PROCESSOR_IDENTIFIER=Intel64 Family 6 Model 42 Stepping 7, GenuineIntel



---------------  S Y S T E M  ---------------

OS: Windows 10.0 , 64 bit Build 10586 (10.0.10586.589)

CPU:total 4 (2 cores per cpu, 2 threads per core) family 6 model 42 stepping 7, cmov, cx8, fxsr, mmx, sse, sse2, sse3, ssse3, sse4.1, sse4.2, popcnt, avx, aes, clmul, ht, tsc, tscinvbit

Memory: 4k page, physical 8266644k(794200k free), swap 14602512k(5708k free)

vm_info: Java HotSpot(TM) 64-Bit Server VM (25.92-b14) for windows-amd64 JRE (1.8.0_92-b14), built on Mar 31 2016 21:03:04 by "java_re" with MS VC++ 10.0 (VS2010)

time: Fri Sep 16 00:14:12 2016
elapsed time: 2 seconds (0d 0h 0m 2s)

