#
# There is insufficient memory for the Java Runtime Environment to continue.
# Native memory allocation (malloc) failed to allocate 656976 bytes for Chunk::new
# Possible reasons:
#   The system is out of physical RAM or swap space
#   In 32 bit mode, the process size limit was hit
# Possible solutions:
#   Reduce memory load on the system
#   Increase physical memory or swap space
#   Check if swap backing store is full
#   Use 64 bit Java on a 64 bit OS
#   Decrease Java heap size (-Xmx/-Xms)
#   Decrease number of Java threads
#   Decrease Java thread stack sizes (-Xss)
#   Set larger code cache with -XX:ReservedCodeCacheSize=
# This output file may be truncated or incomplete.
#
#  Out of Memory Error (allocation.cpp:390), pid=13820, tid=0x000000000000381c
#
# JRE version: Java(TM) SE Runtime Environment (8.0_111-b14) (build 1.8.0_111-b14)
# Java VM: Java HotSpot(TM) 64-Bit Server VM (25.111-b14 mixed mode windows-amd64 compressed oops)
# Failed to write core dump. Minidumps are not enabled by default on client versions of Windows
#

---------------  T H R E A D  ---------------

Current thread (0x000000001545e800):  JavaThread "C2 CompilerThread0" daemon [_thread_in_native, id=14364, stack(0x0000000016ac0000,0x0000000016bc0000)]

Stack: [0x0000000016ac0000,0x0000000016bc0000]
[error occurred during error reporting (printing stack bounds), id 0xc0000005]

Native frames: (J=compiled Java code, j=interpreted, Vv=VM code, C=native code)


Current CompileTask:
C2:   5886 1895       4       com.android.dx.dex.code.RopToDop::dopFor (792 bytes)


---------------  P R O C E S S  ---------------

Java Threads: ( => current thread )
  0x000000001946e000 JavaThread "pool-1-thread-1" [_thread_new, id=17908, stack(0x0000000000000000,0x0000000000000000)]
  0x0000000016ccd000 JavaThread "Service Thread" daemon [_thread_blocked, id=20040, stack(0x00000000171c0000,0x00000000172c0000)]
  0x0000000016cc8800 JavaThread "C1 CompilerThread2" daemon [_thread_blocked, id=9816, stack(0x00000000170c0000,0x00000000171c0000)]
  0x0000000015461800 JavaThread "C2 CompilerThread1" daemon [_thread_in_native, id=21500, stack(0x0000000016bc0000,0x0000000016cc0000)]
=>0x000000001545e800 JavaThread "C2 CompilerThread0" daemon [_thread_in_native, id=14364, stack(0x0000000016ac0000,0x0000000016bc0000)]
  0x000000001545a800 JavaThread "Attach Listener" daemon [_thread_blocked, id=7920, stack(0x00000000169c0000,0x0000000016ac0000)]
  0x0000000002d8e800 JavaThread "Signal Dispatcher" daemon [_thread_blocked, id=18748, stack(0x00000000168c0000,0x00000000169c0000)]
  0x000000001544a000 JavaThread "Finalizer" daemon [_thread_blocked, id=3784, stack(0x00000000166d0000,0x00000000167d0000)]
  0x0000000015429000 JavaThread "Reference Handler" daemon [_thread_blocked, id=17008, stack(0x00000000165d0000,0x00000000166d0000)]
  0x0000000002b8d800 JavaThread "main" [_thread_blocked, id=288, stack(0x00000000029a0000,0x0000000002aa0000)]

Other Threads:
  0x0000000015427000 VMThread [stack: 0x00000000164d0000,0x00000000165d0000] [id=10784]
  0x0000000016cda000 WatcherThread [stack: 0x00000000172c0000,0x00000000173c0000] [id=20224]

VM state:not at safepoint (normal execution)

VM Mutex/Monitor currently owned by a thread: None

Heap:
 PSYoungGen      total 71680K, used 9589K [0x00000000eab00000, 0x00000000ef600000, 0x0000000100000000)
  eden space 66560K, 6% used [0x00000000eab00000,0x00000000eaf627f8,0x00000000eec00000)
  from space 5120K, 99% used [0x00000000eec00000,0x00000000ef0faee8,0x00000000ef100000)
  to   space 5120K, 0% used [0x00000000ef100000,0x00000000ef100000,0x00000000ef600000)
 ParOldGen       total 87552K, used 25459K [0x00000000c0000000, 0x00000000c5580000, 0x00000000eab00000)
  object space 87552K, 29% used [0x00000000c0000000,0x00000000c18dcc68,0x00000000c5580000)
 Metaspace       used 6541K, capacity 7256K, committed 7424K, reserved 1056768K
  class space    used 627K, capacity 656K, committed 768K, reserved 1048576K

Card table byte_map: [0x0000000012150000,0x0000000012360000] byte_map_base: 0x0000000011b50000

Marking Bits: (ParMarkBitMap*) 0x0000000050cba6c0
 Begin Bits: [0x00000000128c0000, 0x00000000138c0000)
 End Bits:   [0x00000000138c0000, 0x00000000148c0000)

Polling page: 0x0000000000bf0000

CodeCache: size=245760Kb used=8049Kb max_used=8068Kb free=237710Kb
 bounds [0x0000000002d90000, 0x0000000003580000, 0x0000000011d90000]
 total_blobs=2182 nmethods=1912 adapters=182
 compilation: enabled

Compilation events (10 events):
Event: 5.588 Thread 0x0000000016cc8800 1958       2       java.util.concurrent.FutureTask::get (23 bytes)
Event: 5.589 Thread 0x0000000016cc8800 nmethod 1958 0x0000000003563010 code [0x0000000003563180, 0x0000000003563338]
Event: 5.690 Thread 0x000000001545e800 nmethod 1892 0x0000000003569e90 code [0x000000000356a500, 0x0000000003570098]
Event: 5.691 Thread 0x000000001545e800 1933       4       com.android.dx.ssa.BasicRegisterMapper::addMapping (68 bytes)
Event: 5.699 Thread 0x000000001545e800 nmethod 1933 0x00000000035664d0 code [0x0000000003566620, 0x0000000003566a58]
Event: 5.699 Thread 0x000000001545e800 1913       4       com.android.dx.rop.type.Type::compareTo (9 bytes)
Event: 5.700 Thread 0x000000001545e800 nmethod 1913 0x00000000035660d0 code [0x0000000003566220, 0x0000000003566398]
Event: 5.700 Thread 0x000000001545e800 1891       4       com.android.dx.rop.code.Rop::hashCode (54 bytes)
Event: 5.720 Thread 0x000000001545e800 nmethod 1891 0x0000000003567110 code [0x0000000003567280, 0x0000000003567998]
Event: 5.720 Thread 0x000000001545e800 1895       4       com.android.dx.dex.code.RopToDop::dopFor (792 bytes)

GC Heap History (10 events):
Event: 2.802 GC heap before
{Heap before GC invocations=1 (full 0):
 PSYoungGen      total 38400K, used 33280K [0x00000000eab00000, 0x00000000ed580000, 0x0000000100000000)
  eden space 33280K, 100% used [0x00000000eab00000,0x00000000ecb80000,0x00000000ecb80000)
  from space 5120K, 0% used [0x00000000ed080000,0x00000000ed080000,0x00000000ed580000)
  to   space 5120K, 0% used [0x00000000ecb80000,0x00000000ecb80000,0x00000000ed080000)
 ParOldGen       total 87552K, used 0K [0x00000000c0000000, 0x00000000c5580000, 0x00000000eab00000)
  object space 87552K, 0% used [0x00000000c0000000,0x00000000c0000000,0x00000000c5580000)
 Metaspace       used 6144K, capacity 6936K, committed 7168K, reserved 1056768K
  class space    used 624K, capacity 656K, committed 768K, reserved 1048576K
Event: 2.812 GC heap after
Heap after GC invocations=1 (full 0):
 PSYoungGen      total 38400K, used 5104K [0x00000000eab00000, 0x00000000ed580000, 0x0000000100000000)
  eden space 33280K, 0% used [0x00000000eab00000,0x00000000eab00000,0x00000000ecb80000)
  from space 5120K, 99% used [0x00000000ecb80000,0x00000000ed07c068,0x00000000ed080000)
  to   space 5120K, 0% used [0x00000000ed080000,0x00000000ed080000,0x00000000ed580000)
 ParOldGen       total 87552K, used 703K [0x00000000c0000000, 0x00000000c5580000, 0x00000000eab00000)
  object space 87552K, 0% used [0x00000000c0000000,0x00000000c00afc98,0x00000000c5580000)
 Metaspace       used 6144K, capacity 6936K, committed 7168K, reserved 1056768K
  class space    used 624K, capacity 656K, committed 768K, reserved 1048576K
}
Event: 3.324 GC heap before
{Heap before GC invocations=2 (full 0):
 PSYoungGen      total 38400K, used 38384K [0x00000000eab00000, 0x00000000ed580000, 0x0000000100000000)
  eden space 33280K, 100% used [0x00000000eab00000,0x00000000ecb80000,0x00000000ecb80000)
  from space 5120K, 99% used [0x00000000ecb80000,0x00000000ed07c068,0x00000000ed080000)
  to   space 5120K, 0% used [0x00000000ed080000,0x00000000ed080000,0x00000000ed580000)
 ParOldGen       total 87552K, used 703K [0x00000000c0000000, 0x00000000c5580000, 0x00000000eab00000)
  object space 87552K, 0% used [0x00000000c0000000,0x00000000c00afc98,0x00000000c5580000)
 Metaspace       used 6363K, capacity 7128K, committed 7424K, reserved 1056768K
  class space    used 624K, capacity 656K, committed 768K, reserved 1048576K
Event: 3.370 GC heap after
Heap after GC invocations=2 (full 0):
 PSYoungGen      total 38400K, used 5114K [0x00000000eab00000, 0x00000000ef600000, 0x0000000100000000)
  eden space 33280K, 0% used [0x00000000eab00000,0x00000000eab00000,0x00000000ecb80000)
  from space 5120K, 99% used [0x00000000ed080000,0x00000000ed57eaa8,0x00000000ed580000)
  to   space 5120K, 0% used [0x00000000ecb80000,0x00000000ecb80000,0x00000000ed080000)
 ParOldGen       total 87552K, used 4527K [0x00000000c0000000, 0x00000000c5580000, 0x00000000eab00000)
  object space 87552K, 5% used [0x00000000c0000000,0x00000000c046bdb0,0x00000000c5580000)
 Metaspace       used 6363K, capacity 7128K, committed 7424K, reserved 1056768K
  class space    used 624K, capacity 656K, committed 768K, reserved 1048576K
}
Event: 3.753 GC heap before
{Heap before GC invocations=3 (full 0):
 PSYoungGen      total 38400K, used 38394K [0x00000000eab00000, 0x00000000ef600000, 0x0000000100000000)
  eden space 33280K, 100% used [0x00000000eab00000,0x00000000ecb80000,0x00000000ecb80000)
  from space 5120K, 99% used [0x00000000ed080000,0x00000000ed57eaa8,0x00000000ed580000)
  to   space 5120K, 0% used [0x00000000ecb80000,0x00000000ecb80000,0x00000000ed080000)
 ParOldGen       total 87552K, used 4527K [0x00000000c0000000, 0x00000000c5580000, 0x00000000eab00000)
  object space 87552K, 5% used [0x00000000c0000000,0x00000000c046bdb0,0x00000000c5580000)
 Metaspace       used 6429K, capacity 7192K, committed 7424K, reserved 1056768K
  class space    used 624K, capacity 656K, committed 768K, reserved 1048576K
Event: 3.805 GC heap after
Heap after GC invocations=3 (full 0):
 PSYoungGen      total 38400K, used 5100K [0x00000000eab00000, 0x00000000ef600000, 0x0000000100000000)
  eden space 33280K, 0% used [0x00000000eab00000,0x00000000eab00000,0x00000000ecb80000)
  from space 5120K, 99% used [0x00000000ecb80000,0x00000000ed07b0a8,0x00000000ed080000)
  to   space 5120K, 0% used [0x00000000ef100000,0x00000000ef100000,0x00000000ef600000)
 ParOldGen       total 87552K, used 10301K [0x00000000c0000000, 0x00000000c5580000, 0x00000000eab00000)
  object space 87552K, 11% used [0x00000000c0000000,0x00000000c0a0f7a0,0x00000000c5580000)
 Metaspace       used 6429K, capacity 7192K, committed 7424K, reserved 1056768K
  class space    used 624K, capacity 656K, committed 768K, reserved 1048576K
}
Event: 4.272 GC heap before
{Heap before GC invocations=4 (full 0):
 PSYoungGen      total 38400K, used 38380K [0x00000000eab00000, 0x00000000ef600000, 0x0000000100000000)
  eden space 33280K, 100% used [0x00000000eab00000,0x00000000ecb80000,0x00000000ecb80000)
  from space 5120K, 99% used [0x00000000ecb80000,0x00000000ed07b0a8,0x00000000ed080000)
  to   space 5120K, 0% used [0x00000000ef100000,0x00000000ef100000,0x00000000ef600000)
 ParOldGen       total 87552K, used 10301K [0x00000000c0000000, 0x00000000c5580000, 0x00000000eab00000)
  object space 87552K, 11% used [0x00000000c0000000,0x00000000c0a0f7a0,0x00000000c5580000)
 Metaspace       used 6475K, capacity 7192K, committed 7424K, reserved 1056768K
  class space    used 624K, capacity 656K, committed 768K, reserved 1048576K
Event: 4.322 GC heap after
Heap after GC invocations=4 (full 0):
 PSYoungGen      total 71680K, used 5119K [0x00000000eab00000, 0x00000000ef600000, 0x0000000100000000)
  eden space 66560K, 0% used [0x00000000eab00000,0x00000000eab00000,0x00000000eec00000)
  from space 5120K, 99% used [0x00000000ef100000,0x00000000ef5ffde8,0x00000000ef600000)
  to   space 5120K, 0% used [0x00000000eec00000,0x00000000eec00000,0x00000000ef100000)
 ParOldGen       total 87552K, used 15517K [0x00000000c0000000, 0x00000000c5580000, 0x00000000eab00000)
  object space 87552K, 17% used [0x00000000c0000000,0x00000000c0f27490,0x00000000c5580000)
 Metaspace       used 6475K, capacity 7192K, committed 7424K, reserved 1056768K
  class space    used 624K, capacity 656K, committed 768K, reserved 1048576K
}
Event: 5.417 GC heap before
{Heap before GC invocations=5 (full 0):
 PSYoungGen      total 71680K, used 71679K [0x00000000eab00000, 0x00000000ef600000, 0x0000000100000000)
  eden space 66560K, 100% used [0x00000000eab00000,0x00000000eec00000,0x00000000eec00000)
  from space 5120K, 99% used [0x00000000ef100000,0x00000000ef5ffde8,0x00000000ef600000)
  to   space 5120K, 0% used [0x00000000eec00000,0x00000000eec00000,0x00000000ef100000)
 ParOldGen       total 87552K, used 15517K [0x00000000c0000000, 0x00000000c5580000, 0x00000000eab00000)
  object space 87552K, 17% used [0x00000000c0000000,0x00000000c0f27490,0x00000000c5580000)
 Metaspace       used 6526K, capacity 7192K, committed 7424K, reserved 1056768K
  class space    used 625K, capacity 656K, committed 768K, reserved 1048576K
Event: 5.556 GC heap after
Heap after GC invocations=5 (full 0):
 PSYoungGen      total 71680K, used 5099K [0x00000000eab00000, 0x00000000ef600000, 0x0000000100000000)
  eden space 66560K, 0% used [0x00000000eab00000,0x00000000eab00000,0x00000000eec00000)
  from space 5120K, 99% used [0x00000000eec00000,0x00000000ef0faee8,0x00000000ef100000)
  to   space 5120K, 0% used [0x00000000ef100000,0x00000000ef100000,0x00000000ef600000)
 ParOldGen       total 87552K, used 25459K [0x00000000c0000000, 0x00000000c5580000, 0x00000000eab00000)
  object space 87552K, 29% used [0x00000000c0000000,0x00000000c18dcc68,0x00000000c5580000)
 Metaspace       used 6526K, capacity 7192K, committed 7424K, reserved 1056768K
  class space    used 625K, capacity 656K, committed 768K, reserved 1048576K
}

Deoptimization events (10 events):
Event: 3.918 Thread 0x0000000016fbb800 Uncommon trap: reason=unstable_if action=reinterpret pc=0x0000000003491670 method=com.android.dx.ssa.LiteralOpUpgrader$1.visitNonMoveInsn(Lcom/android/dx/ssa/NormalSsaInsn;)V @ 24
Event: 3.918 Thread 0x0000000016fbb800 Uncommon trap: reason=class_check action=maybe_recompile pc=0x0000000003202980 method=java.util.HashMap.putVal(ILjava/lang/Object;Ljava/lang/Object;ZZ)Ljava/lang/Object; @ 91
Event: 3.918 Thread 0x0000000016fbb800 Uncommon trap: reason=class_check action=maybe_recompile pc=0x0000000003202980 method=java.util.HashMap.putVal(ILjava/lang/Object;Ljava/lang/Object;ZZ)Ljava/lang/Object; @ 91
Event: 3.918 Thread 0x0000000016fbb800 Uncommon trap: reason=class_check action=maybe_recompile pc=0x0000000003202980 method=java.util.HashMap.putVal(ILjava/lang/Object;Ljava/lang/Object;ZZ)Ljava/lang/Object; @ 91
Event: 3.918 Thread 0x0000000016fbb800 Uncommon trap: reason=class_check action=maybe_recompile pc=0x0000000003202980 method=java.util.HashMap.putVal(ILjava/lang/Object;Ljava/lang/Object;ZZ)Ljava/lang/Object; @ 91
Event: 3.925 Thread 0x0000000016fbb800 Uncommon trap: reason=bimorphic action=maybe_recompile pc=0x0000000003497b18 method=com.android.dx.ssa.LiteralOpUpgrader.tryReplacingWithConstant(Lcom/android/dx/ssa/NormalSsaInsn;)Z @ 62
Event: 4.079 Thread 0x0000000016fbc800 Uncommon trap: reason=bimorphic action=maybe_recompile pc=0x0000000003122200 method=java.util.HashMap.getNode(ILjava/lang/Object;)Ljava/util/HashMap$Node; @ 126
Event: 4.090 Thread 0x0000000016fbc800 Uncommon trap: reason=bimorphic action=maybe_recompile pc=0x0000000003122200 method=java.util.HashMap.getNode(ILjava/lang/Object;)Ljava/util/HashMap$Node; @ 126
Event: 5.066 Thread 0x0000000016fbd000 Uncommon trap: reason=unstable_if action=reinterpret pc=0x000000000350adf0 method=java.util.HashMap.putVal(ILjava/lang/Object;Ljava/lang/Object;ZZ)Ljava/lang/Object; @ 162
Event: 5.066 Thread 0x0000000016fbd000 Uncommon trap: reason=unstable_if action=reinterpret pc=0x00000000031221e0 method=java.util.HashMap.getNode(ILjava/lang/Object;)Ljava/util/HashMap$Node; @ 84

Internal exceptions (5 events):
Event: 0.677 Thread 0x0000000002b8d800 Exception <a 'java/lang/NoSuchMethodError': Method sun.misc.Unsafe.defineClass(Ljava/lang/String;[BII)Ljava/lang/Class; name or signature does not match> (0x00000000eab07c78) thrown at [C:\re\workspace\8-2-build-windows-amd64-cygwin\jdk8u111\7883\hotspot\
Event: 0.677 Thread 0x0000000002b8d800 Exception <a 'java/lang/NoSuchMethodError': Method sun.misc.Unsafe.prefetchRead(Ljava/lang/Object;J)V name or signature does not match> (0x00000000eab07f60) thrown at [C:\re\workspace\8-2-build-windows-amd64-cygwin\jdk8u111\7883\hotspot\src\share\vm\prims
Event: 3.049 Thread 0x0000000016fbc800 Implicit null exception at 0x0000000003115a22 to 0x0000000003116a65
Event: 3.050 Thread 0x0000000016fbc800 Implicit null exception at 0x000000000310bc05 to 0x000000000310ca0d
Event: 3.382 Thread 0x0000000016fbc800 Implicit null exception at 0x0000000003112562 to 0x0000000003112652

Events (10 events):
Event: 5.581 loading class java/util/HashMap$KeyIterator
Event: 5.581 loading class java/util/HashMap$KeyIterator done
Event: 5.581 Thread 0x0000000016fbc800 Thread exited: 0x0000000016fbc800
Event: 5.581 Thread 0x0000000016fb6000 Thread exited: 0x0000000016fb6000
Event: 5.582 Thread 0x0000000016fbb800 Thread exited: 0x0000000016fbb800
Event: 5.588 Thread 0x0000000016fbd000 Thread exited: 0x0000000016fbd000
Event: 5.588 Thread 0x0000000016fb8800 Thread exited: 0x0000000016fb8800
Event: 5.589 loading class com/android/dx/command/dexer/Main$DexWriter
Event: 5.589 loading class com/android/dx/command/dexer/Main$DexWriter done
Event: 5.589 Thread 0x000000001946e000 Thread added: 0x000000001946e000


Dynamic libraries:
0x00007ff6eee10000 - 0x00007ff6eee47000 	C:\Program Files\Java\jdk1.8.0_111\bin\java.exe
0x00007ffff4f80000 - 0x00007ffff5151000 	C:\WINDOWS\SYSTEM32\ntdll.dll
0x00007ffff2610000 - 0x00007ffff26bb000 	C:\WINDOWS\System32\KERNEL32.DLL
0x00007ffff22f0000 - 0x00007ffff250d000 	C:\WINDOWS\System32\KERNELBASE.dll
0x00007ffff29f0000 - 0x00007ffff2a92000 	C:\WINDOWS\System32\ADVAPI32.dll
0x00007ffff2510000 - 0x00007ffff25ae000 	C:\WINDOWS\System32\msvcrt.dll
0x00007ffff2890000 - 0x00007ffff28e9000 	C:\WINDOWS\System32\sechost.dll
0x00007ffff4cb0000 - 0x00007ffff4dd1000 	C:\WINDOWS\System32\RPCRT4.dll
0x00007ffff4570000 - 0x00007ffff46d5000 	C:\WINDOWS\System32\USER32.dll
0x00007ffff1970000 - 0x00007ffff198e000 	C:\WINDOWS\System32\win32u.dll
0x00007ffff4260000 - 0x00007ffff4294000 	C:\WINDOWS\System32\GDI32.dll
0x00007ffff1640000 - 0x00007ffff17c2000 	C:\WINDOWS\System32\gdi32full.dll
0x00007fffe7fa0000 - 0x00007fffe8219000 	C:\WINDOWS\WinSxS\amd64_microsoft.windows.common-controls_6595b64144ccf1df_6.0.14393.447_none_42191651c6827bb3\COMCTL32.dll
0x00007ffff42a0000 - 0x00007ffff4568000 	C:\WINDOWS\System32\combase.dll
0x00007ffff1aa0000 - 0x00007ffff1b95000 	C:\WINDOWS\System32\ucrtbase.dll
0x00007ffff2280000 - 0x00007ffff22ea000 	C:\WINDOWS\System32\bcryptPrimitives.dll
0x00007ffff4230000 - 0x00007ffff425e000 	C:\WINDOWS\System32\IMM32.DLL
0x0000000077f20000 - 0x0000000077ff2000 	C:\Program Files\Java\jdk1.8.0_111\jre\bin\msvcr100.dll
0x00000000504a0000 - 0x0000000050d3a000 	C:\Program Files\Java\jdk1.8.0_111\jre\bin\server\jvm.dll
0x00007ffff2880000 - 0x00007ffff2888000 	C:\WINDOWS\System32\PSAPI.DLL
0x00007fffe9170000 - 0x00007fffe9179000 	C:\WINDOWS\SYSTEM32\WSOCK32.dll
0x00007ffff2980000 - 0x00007ffff29ea000 	C:\WINDOWS\System32\WS2_32.dll
0x00007fffef4f0000 - 0x00007fffef513000 	C:\WINDOWS\SYSTEM32\WINMM.dll
0x00007ffff01a0000 - 0x00007ffff01aa000 	C:\WINDOWS\SYSTEM32\VERSION.dll
0x00007fffef4c0000 - 0x00007fffef4eb000 	C:\WINDOWS\SYSTEM32\WINMMBASE.dll
0x00007ffff17d0000 - 0x00007ffff1812000 	C:\WINDOWS\System32\cfgmgr32.dll
0x00000000503b0000 - 0x00000000503bf000 	C:\Program Files\Java\jdk1.8.0_111\jre\bin\verify.dll
0x0000000050380000 - 0x00000000503a9000 	C:\Program Files\Java\jdk1.8.0_111\jre\bin\java.dll
0x0000000050360000 - 0x0000000050376000 	C:\Program Files\Java\jdk1.8.0_111\jre\bin\zip.dll
0x00007ffff2d20000 - 0x00007ffff4229000 	C:\WINDOWS\System32\SHELL32.dll
0x00007ffff1ba0000 - 0x00007ffff227a000 	C:\WINDOWS\System32\windows.storage.dll
0x00007ffff1400000 - 0x00007ffff144c000 	C:\WINDOWS\System32\powrprof.dll
0x00007ffff25b0000 - 0x00007ffff2602000 	C:\WINDOWS\System32\shlwapi.dll
0x00007ffff13e0000 - 0x00007ffff13ef000 	C:\WINDOWS\System32\kernel.appcore.dll
0x00007ffff1820000 - 0x00007ffff18c9000 	C:\WINDOWS\System32\shcore.dll
0x00007ffff1450000 - 0x00007ffff1464000 	C:\WINDOWS\System32\profapi.dll

VM Arguments:
jvm_args: -Djava.awt.headless=true -Xmx1024M -Dfile.encoding=windows-1252 -Duser.country=US -Duser.language=en -Duser.variant 
java_command: com.android.dx.command.Main --dex --force-jumbo --num-threads=4 --multi-dex --output D:\programming\applications\mobile\native\myapps\Hymns\app\build\intermediates\transforms\dex\debug\folders\1000\10\com.android.support-support-compat-24.2.0_b27405e9ee6e8a9f8733b62f5c031a050c096da5 D:\programming\applications\mobile\native\myapps\Hymns\app\build\intermediates\exploded-aar\com.android.support\support-compat\24.2.0\jars\classes.jar
java_class_path (initial): C:\Users\WAKY\AppData\Local\Android\sdk\build-tools\24.0.1\lib\dx.jar
Launcher Type: SUN_STANDARD

Environment Variables:
JAVA_HOME=C:\Program Files\Java\jdk1.8.0_111
PATH=C:\ProgramData\Oracle\Java\javapath;C:\WINDOWS\system32;C:\WINDOWS;C:\WINDOWS\System32\Wbem;C:\WINDOWS\System32\WindowsPowerShell\v1.0\;C:\Program Files\nodejs\;C:\Program Files (x86)\GtkSharp\2.12\bin;C:\xampp\php;C:\ProgramData\ComposerSetup\bin;C:\Users\WAKY\AppData\Roaming\npm;C:\Program Files\nodejs;C:\Users\WAKY\AppData\Local\Microsoft\WindowsApps;C:\Users\WAKY\AppData\Roaming\Composer\vendor\bin
USERNAME=WAKY
OS=Windows_NT
PROCESSOR_IDENTIFIER=Intel64 Family 6 Model 42 Stepping 7, GenuineIntel



---------------  S Y S T E M  ---------------

OS: Windows 10.0 , 64 bit Build 14393 (10.0.14393.0)

CPU:total 4 (2 cores per cpu, 2 threads per core) family 6 model 42 stepping 7, cmov, cx8, fxsr, mmx, sse, sse2, sse3, ssse3, sse4.1, sse4.2, popcnt, avx, aes, clmul, ht, tsc, tscinvbit

Memory: 4k page, physical 8266644k(1212344k free), swap 14602512k(3084k free)

vm_info: Java HotSpot(TM) 64-Bit Server VM (25.111-b14) for windows-amd64 JRE (1.8.0_111-b14), built on Sep 22 2016 19:24:05 by "java_re" with MS VC++ 10.0 (VS2010)

time: Sun Feb 19 05:46:55 2017
elapsed time: 5 seconds (0d 0h 0m 5s)

