#
# There is insufficient memory for the Java Runtime Environment to continue.
# Native memory allocation (malloc) failed to allocate 1048576 bytes for AllocateHeap
# Possible reasons:
#   The system is out of physical RAM or swap space
#   In 32 bit mode, the process size limit was hit
# Possible solutions:
#   Reduce memory load on the system
#   Increase physical memory or swap space
#   Check if swap backing store is full
#   Use 64 bit Java on a 64 bit OS
#   Decrease Java heap size (-Xmx/-Xms)
#   Decrease number of Java threads
#   Decrease Java thread stack sizes (-Xss)
#   Set larger code cache with -XX:ReservedCodeCacheSize=
# This output file may be truncated or incomplete.
#
#  Out of Memory Error (memory/allocation.inline.hpp:61), pid=908, tid=0x0000000000002b24
#
# JRE version:  (8.0_92-b14) (build )
# Java VM: Java HotSpot(TM) 64-Bit Server VM (25.92-b14 mixed mode windows-amd64 compressed oops)
# Failed to write core dump. Minidumps are not enabled by default on client versions of Windows
#

---------------  T H R E A D  ---------------

Current thread (0x0000000002d90800):  JavaThread "Unknown thread" [_thread_in_vm, id=11044, stack(0x0000000002c90000,0x0000000002d90000)]

Stack: [0x0000000002c90000,0x0000000002d90000]
[error occurred during error reporting (printing stack bounds), id 0xc0000005]

Native frames: (J=compiled Java code, j=interpreted, Vv=VM code, C=native code)


---------------  P R O C E S S  ---------------

Java Threads: ( => current thread )

Other Threads:

=>0x0000000002d90800 (exited) JavaThread "Unknown thread" [_thread_in_vm, id=11044, stack(0x0000000002c90000,0x0000000002d90000)]

VM state:not at safepoint (normal execution)

VM Mutex/Monitor currently owned by a thread: None

Heap:
 PSYoungGen      total 38400K, used 665K [0x00000000eab00000, 0x00000000ed580000, 0x0000000100000000)
  eden space 33280K, 2% used [0x00000000eab00000,0x00000000eaba6670,0x00000000ecb80000)
  from space 5120K, 0% used [0x00000000ed080000,0x00000000ed080000,0x00000000ed580000)
  to   space 5120K, 0% used [0x00000000ecb80000,0x00000000ecb80000,0x00000000ed080000)
 ParOldGen       total 87552K, used 0K [0x00000000c0000000, 0x00000000c5580000, 0x00000000eab00000)
  object space 87552K, 0% used [0x00000000c0000000,0x00000000c0000000,0x00000000c5580000)
 Metaspace       used 769K, capacity 4480K, committed 4480K, reserved 1056768K
  class space    used 75K, capacity 384K, committed 384K, reserved 1048576K

Card table byte_map: [0x0000000012250000,0x0000000012460000] byte_map_base: 0x0000000011c50000

Marking Bits: (ParMarkBitMap*) 0x00000000579164f0
 Begin Bits: [0x00000000129c0000, 0x00000000139c0000)
 End Bits:   [0x00000000139c0000, 0x00000000149c0000)

Polling page: 0x0000000001360000

CodeCache: size=245760Kb used=328Kb max_used=328Kb free=245431Kb
 bounds [0x0000000002e90000, 0x0000000003100000, 0x0000000011e90000]
 total_blobs=58 nmethods=0 adapters=38
 compilation: enabled

Compilation events (0 events):
No events

GC Heap History (0 events):
No events

Deoptimization events (0 events):
No events

Internal exceptions (0 events):
No events

Events (10 events):
Event: 0.461 loading class java/lang/Short
Event: 0.461 loading class java/lang/Short done
Event: 0.461 loading class java/lang/Integer
Event: 0.462 loading class java/lang/Integer done
Event: 0.462 loading class java/lang/Long
Event: 0.462 loading class java/lang/Long done
Event: 0.465 loading class java/lang/NullPointerException
Event: 0.465 loading class java/lang/NullPointerException done
Event: 0.465 loading class java/lang/ArithmeticException
Event: 0.465 loading class java/lang/ArithmeticException done


Dynamic libraries:
0x00007ff6781f0000 - 0x00007ff678227000 	C:\Program Files\Java\jdk1.8.0_92\bin\java.exe
0x00007ffa1ede0000 - 0x00007ffa1efa1000 	C:\WINDOWS\SYSTEM32\ntdll.dll
0x00007ffa1c4d0000 - 0x00007ffa1c57d000 	C:\WINDOWS\system32\KERNEL32.DLL
0x00007ffa1bf60000 - 0x00007ffa1c148000 	C:\WINDOWS\system32\KERNELBASE.dll
0x00007ffa1e4a0000 - 0x00007ffa1e547000 	C:\WINDOWS\system32\ADVAPI32.dll
0x00007ffa1ed40000 - 0x00007ffa1eddd000 	C:\WINDOWS\system32\msvcrt.dll
0x00007ffa1dec0000 - 0x00007ffa1df1b000 	C:\WINDOWS\system32\sechost.dll
0x00007ffa1e9c0000 - 0x00007ffa1eadc000 	C:\WINDOWS\system32\RPCRT4.dll
0x00007ffa1e7e0000 - 0x00007ffa1e936000 	C:\WINDOWS\system32\USER32.dll
0x00007ffa1eaf0000 - 0x00007ffa1ec76000 	C:\WINDOWS\system32\GDI32.dll
0x00007ffa0f0f0000 - 0x00007ffa0f364000 	C:\WINDOWS\WinSxS\amd64_microsoft.windows.common-controls_6595b64144ccf1df_6.0.10586.589_none_a2ddb3caa539acce\COMCTL32.dll
0x00007ffa1c1e0000 - 0x00007ffa1c45d000 	C:\WINDOWS\system32\combase.dll
0x00007ffa1b6b0000 - 0x00007ffa1b71a000 	C:\WINDOWS\system32\bcryptPrimitives.dll
0x00007ffa1dd70000 - 0x00007ffa1ddab000 	C:\WINDOWS\system32\IMM32.DLL
0x0000000057020000 - 0x00000000570f2000 	C:\Program Files\Java\jdk1.8.0_92\jre\bin\msvcr100.dll
0x0000000057100000 - 0x0000000057996000 	C:\Program Files\Java\jdk1.8.0_92\jre\bin\server\jvm.dll
0x00007ffa1e550000 - 0x00007ffa1e558000 	C:\WINDOWS\system32\PSAPI.DLL
0x00007ffa17c40000 - 0x00007ffa17c49000 	C:\WINDOWS\SYSTEM32\WSOCK32.dll
0x00007ffa1c460000 - 0x00007ffa1c4cb000 	C:\WINDOWS\system32\WS2_32.dll
0x00007ffa194c0000 - 0x00007ffa194e3000 	C:\WINDOWS\SYSTEM32\WINMM.dll
0x00007ffa12a20000 - 0x00007ffa12a2a000 	C:\WINDOWS\SYSTEM32\VERSION.dll
0x00007ffa19460000 - 0x00007ffa1948c000 	C:\WINDOWS\SYSTEM32\WINMMBASE.dll
0x00007ffa1b660000 - 0x00007ffa1b6a3000 	C:\WINDOWS\system32\cfgmgr32.dll
0x0000000057010000 - 0x000000005701f000 	C:\Program Files\Java\jdk1.8.0_92\jre\bin\verify.dll
0x0000000056fe0000 - 0x0000000057009000 	C:\Program Files\Java\jdk1.8.0_92\jre\bin\java.dll
0x0000000056fc0000 - 0x0000000056fd6000 	C:\Program Files\Java\jdk1.8.0_92\jre\bin\zip.dll

VM Arguments:
jvm_args: -Djava.awt.headless=true -Xmx1024M -Dfile.encoding=windows-1252 -Duser.country=US -Duser.language=en -Duser.variant 
java_command: com.android.dx.command.Main --dex --force-jumbo --num-threads=4 --multi-dex --output D:\programming\applications\mobile\native\myapps\Hymns\app\build\intermediates\transforms\dex\debug\folders\1000\10\com.android.support-support-compat-24.2.0_b27405e9ee6e8a9f8733b62f5c031a050c096da5 D:\programming\applications\mobile\native\myapps\Hymns\app\build\intermediates\exploded-aar\com.android.support\support-compat\24.2.0\jars\classes.jar
java_class_path (initial): C:\Users\WAKY\AppData\Local\Android\sdk\build-tools\24.0.1\lib\dx.jar
Launcher Type: SUN_STANDARD

Environment Variables:
JAVA_HOME=C:\Program Files\Java\jdk1.8.0_92
PATH=C:\ProgramData\Oracle\Java\javapath;C:\WINDOWS\system32;C:\WINDOWS;C:\WINDOWS\System32\Wbem;C:\WINDOWS\System32\WindowsPowerShell\v1.0\;C:\Program Files\nodejs\;C:\xampp\php;C:\ProgramData\ComposerSetup\bin;C:\Users\WAKY\AppData\Local\Programs\Python\Python36\Scripts\;C:\Users\WAKY\AppData\Local\Programs\Python\Python36\;C:\Users\WAKY\AppData\Roaming\npm;C:\Program Files\Java\jdk1.8.0_92\bin;C:\Users\WAKY\AppData\Roaming\Composer\vendor\bin
USERNAME=WAKY
OS=Windows_NT
PROCESSOR_IDENTIFIER=Intel64 Family 6 Model 42 Stepping 7, GenuineIntel



---------------  S Y S T E M  ---------------

OS: Windows 10.0 , 64 bit Build 10586 (10.0.10586.589)

CPU:total 4 (2 cores per cpu, 2 threads per core) family 6 model 42 stepping 7, cmov, cx8, fxsr, mmx, sse, sse2, sse3, ssse3, sse4.1, sse4.2, popcnt, avx, aes, clmul, ht, tsc, tscinvbit

Memory: 4k page, physical 8266644k(756288k free), swap 14602512k(4064k free)

vm_info: Java HotSpot(TM) 64-Bit Server VM (25.92-b14) for windows-amd64 JRE (1.8.0_92-b14), built on Mar 31 2016 21:03:04 by "java_re" with MS VC++ 10.0 (VS2010)

time: Fri Sep 16 00:14:10 2016
elapsed time: 0 seconds (0d 0h 0m 0s)

